0 1671786116 A new data.csv file has been created
1 1671786119 Sensor node 15 has openend a new connection
2 1671786119 Data insertion from sensor 15 succeeded (id: 15, value: 19.845556, timestamp: 1671786119)
3 1671786119 Sensor node 21 has openend a new connection
4 1671786119 Data insertion from sensor 21 succeeded (id: 21, value: 19.845556, timestamp: 1671786119)
5 1671786119 Sensor node 37 has openend a new connection
6 1671786119 Data insertion from sensor 37 succeeded (id: 37, value: 19.845556, timestamp: 1671786119)
7 1671786120 Data insertion from sensor 15 succeeded (id: 15, value: 19.821670, timestamp: 1671786120)
8 1671786121 Data insertion from sensor 15 succeeded (id: 15, value: 19.668413, timestamp: 1671786121)
9 1671786121 Data insertion from sensor 37 succeeded (id: 37, value: 19.821670, timestamp: 1671786121)
10 1671786122 Data insertion from sensor 21 succeeded (id: 21, value: 19.821670, timestamp: 1671786122)
11 1671786122 Data insertion from sensor 15 succeeded (id: 15, value: 19.732952, timestamp: 1671786122)
12 1671786123 Data insertion from sensor 15 succeeded (id: 15, value: 19.878290, timestamp: 1671786123)
13 1671786123 Data insertion from sensor 37 succeeded (id: 37, value: 19.668413, timestamp: 1671786123)
14 1671786124 Data insertion from sensor 15 succeeded (id: 15, value: 19.701866, timestamp: 1671786124)
15 1671786125 Data insertion from sensor 21 succeeded (id: 21, value: 19.668413, timestamp: 1671786125)
16 1671786125 Data insertion from sensor 37 succeeded (id: 37, value: 19.732952, timestamp: 1671786125)
17 1671786125 Data insertion from sensor 15 succeeded (id: 15, value: 19.890632, timestamp: 1671786125)
18 1671786126 Data insertion from sensor 15 succeeded (id: 15, value: 20.032993, timestamp: 1671786126)
19 1671786127 Data insertion from sensor 37 succeeded (id: 37, value: 19.878290, timestamp: 1671786127)
20 1671786127 Data insertion from sensor 15 succeeded (id: 15, value: 20.043606, timestamp: 1671786127)
21 1671786128 Data insertion from sensor 21 succeeded (id: 21, value: 19.732952, timestamp: 1671786128)
22 1671786128 Data insertion from sensor 15 succeeded (id: 15, value: 20.213960, timestamp: 1671786128)
23 1671786129 Data insertion from sensor 37 succeeded (id: 37, value: 19.701866, timestamp: 1671786129)
24 1671786129 Sensor node 15 reports it's too hot (avg temp = 20.103105)
25 1671786129 Data insertion from sensor 15 succeeded (id: 15, value: 20.334337, timestamp: 1671786129)
26 1671786130 Sensor node 15 reports it's too hot (avg temp = 20.196750)
27 1671786130 Data insertion from sensor 15 succeeded (id: 15, value: 20.358857, timestamp: 1671786130)
28 1671786131 Data insertion from sensor 21 succeeded (id: 21, value: 19.878290, timestamp: 1671786131)
29 1671786131 Data insertion from sensor 37 succeeded (id: 37, value: 19.890632, timestamp: 1671786131)
30 1671786131 Sensor node 15 reports it's too hot (avg temp = 20.242228)
31 1671786131 Data insertion from sensor 15 succeeded (id: 15, value: 20.260380, timestamp: 1671786131)
32 1671786133 Sensor node 15 reports it's too hot (avg temp = 20.322930)
33 1671786133 Data insertion from sensor 15 succeeded (id: 15, value: 20.447116, timestamp: 1671786133)
34 1671786134 Data insertion from sensor 37 succeeded (id: 37, value: 20.032993, timestamp: 1671786134)
35 1671786134 Sensor node 15 reports it's too hot (avg temp = 20.398264)
36 1671786134 Data insertion from sensor 15 succeeded (id: 15, value: 20.590630, timestamp: 1671786134)
37 1671786134 Data insertion from sensor 21 succeeded (id: 21, value: 19.701866, timestamp: 1671786134)
38 1671786135 Sensor node 15 reports it's too hot (avg temp = 20.407295)
39 1671786135 Data insertion from sensor 15 succeeded (id: 15, value: 20.379492, timestamp: 1671786135)
40 1671786136 Data insertion from sensor 37 succeeded (id: 37, value: 20.043606, timestamp: 1671786135)
41 1671786136 Sensor node 15 reports it's too hot (avg temp = 20.383411)
42 1671786136 Data insertion from sensor 15 succeeded (id: 15, value: 20.239439, timestamp: 1671786136)
43 1671786137 Sensor node 15 reports it's too hot (avg temp = 20.413739)
44 1671786137 Data insertion from sensor 15 succeeded (id: 15, value: 20.412016, timestamp: 1671786137)
45 1671786137 Data insertion from sensor 21 succeeded (id: 21, value: 19.890632, timestamp: 1671786137)
46 1671786138 Data insertion from sensor 37 succeeded (id: 37, value: 20.213960, timestamp: 1671786138)
47 1671786138 Sensor node 15 reports it's too hot (avg temp = 20.409956)
48 1671786138 Data insertion from sensor 15 succeeded (id: 15, value: 20.428200, timestamp: 1671786138)
49 1671786139 Sensor node 15 reports it's too hot (avg temp = 20.343626)
50 1671786139 Sensor node 15 has closed the connection
51 1671786139 Data insertion from sensor 15 succeeded (id: 15, value: 20.258981, timestamp: 1671786139)
52 1671786139 Sensor node 21 has closed the connection
53 1671786139 Sensor node 37 has closed the connection
54 1671786139 The data.csv has been closed
